<?xml version="1.0" encoding="UTF-8"?>
<testng-results skipped="0" failed="0" total="1" passed="1">
  <reporter-output>
  </reporter-output>
  <suite name="Default suite" duration-ms="52087" started-at="2019-12-04T05:32:28Z" finished-at="2019-12-04T05:33:20Z">
    <groups>
    </groups>
    <test name="Default test" duration-ms="52087" started-at="2019-12-04T05:32:28Z" finished-at="2019-12-04T05:33:20Z">
      <class name="com.training.sanity.tests.RETC_014">
        <test-method status="PASS" signature="setUpBeforeClass()[pri:0, instance:com.training.sanity.tests.RETC_014@5e5792a0]" name="setUpBeforeClass" is-config="true" duration-ms="7" started-at="2019-12-04T11:02:28Z" finished-at="2019-12-04T11:02:28Z">
          <reporter-output>
          </reporter-output>
        </test-method> <!-- setUpBeforeClass -->
        <test-method status="PASS" signature="setUp()[pri:0, instance:com.training.sanity.tests.RETC_014@5e5792a0]" name="setUp" is-config="true" duration-ms="23446" started-at="2019-12-04T11:02:28Z" finished-at="2019-12-04T11:02:51Z">
          <reporter-output>
          </reporter-output>
        </test-method> <!-- setUp -->
        <test-method status="PASS" signature="validLoginTest()[pri:0, instance:com.training.sanity.tests.RETC_014@5e5792a0]" name="validLoginTest" duration-ms="26923" started-at="2019-12-04T11:02:51Z" finished-at="2019-12-04T11:03:18Z">
          <reporter-output>
          </reporter-output>
        </test-method> <!-- validLoginTest -->
        <test-method status="PASS" signature="tearDown()[pri:0, instance:com.training.sanity.tests.RETC_014@5e5792a0]" name="tearDown" is-config="true" duration-ms="1700" started-at="2019-12-04T11:03:18Z" finished-at="2019-12-04T11:03:20Z">
          <reporter-output>
          </reporter-output>
        </test-method> <!-- tearDown -->
      </class> <!-- com.training.sanity.tests.RETC_014 -->
    </test> <!-- Default test -->
  </suite> <!-- Default suite -->
</testng-results>
