<?xml version="1.0" encoding="UTF-8"?>
<testng-results skipped="0" failed="0" total="1" passed="1">
  <reporter-output>
  </reporter-output>
  <suite name="Default suite" duration-ms="53144" started-at="2019-12-05T02:16:15Z" finished-at="2019-12-05T02:17:09Z">
    <groups>
    </groups>
    <test name="Default test" duration-ms="53144" started-at="2019-12-05T02:16:15Z" finished-at="2019-12-05T02:17:09Z">
      <class name="com.training.sanity.tests.ELTC48">
        <test-method status="PASS" signature="setUpBeforeClass()[pri:0, instance:com.training.sanity.tests.ELTC48@5e5792a0]" name="setUpBeforeClass" is-config="true" duration-ms="4" started-at="2019-12-05T07:46:15Z" finished-at="2019-12-05T07:46:15Z">
          <reporter-output>
          </reporter-output>
        </test-method> <!-- setUpBeforeClass -->
        <test-method status="PASS" signature="setUp()[pri:0, instance:com.training.sanity.tests.ELTC48@5e5792a0]" name="setUp" is-config="true" duration-ms="25218" started-at="2019-12-05T07:46:15Z" finished-at="2019-12-05T07:46:41Z">
          <reporter-output>
          </reporter-output>
        </test-method> <!-- setUp -->
        <test-method status="PASS" signature="validLoginTest()[pri:0, instance:com.training.sanity.tests.ELTC48@5e5792a0]" name="validLoginTest" duration-ms="26175" started-at="2019-12-05T07:46:41Z" finished-at="2019-12-05T07:47:07Z">
          <reporter-output>
          </reporter-output>
        </test-method> <!-- validLoginTest -->
        <test-method status="PASS" signature="tearDown()[pri:0, instance:com.training.sanity.tests.ELTC48@5e5792a0]" name="tearDown" is-config="true" duration-ms="1736" started-at="2019-12-05T07:47:07Z" finished-at="2019-12-05T07:47:09Z">
          <reporter-output>
          </reporter-output>
        </test-method> <!-- tearDown -->
      </class> <!-- com.training.sanity.tests.ELTC48 -->
    </test> <!-- Default test -->
  </suite> <!-- Default suite -->
</testng-results>
